{"@t":"2025-08-31T01:08:27.3356357Z","@mt":"Seq {SeqVersion} running on OS {OSCaption}","SeqVersion":"2025.2.14476","OSCaption":"Ubuntu 22.04.5 LTS","SourceContext":"Seq.Diagnostics.Logging.EnvironmentInformationWriter"}
{"@t":"2025-08-31T01:08:28.3826363Z","@mt":"Seq listening on {ListenUris}","ListenUris":["http://localhost/","https://localhost/","http://localhost:5341/","https://localhost:45341/"]}
{"@t":"2025-08-31T01:08:28.3973852Z","@mt":"Opening event store at {StreamPath}","StreamPath":"/data/Stream/stream.flare","SourceContext":"Seq.Engine.Cluster.NativeStorage"}
{"@t":"2025-08-31T01:08:28.5353418Z","@mt":"Opening metastore {MetastorePath}","MetastorePath":"/data/Documents/metastore.flare","SourceContext":"Seq.Metastore.Native.NativeDocumentStore"}
{"@t":"2025-08-31T01:08:28.6231767Z","@mt":"Storage subsystem available"}
{"@t":"2025-08-31T01:08:28.6317397Z","@mt":"Loaded key {XmlKeyId} with friendly name {FriendlyName}","XmlKeyId":"xmlkey-18","FriendlyName":"key-66deb231-bb8b-46b9-9c21-2f3a52aaaac2"}
{"@t":"2025-08-31T01:08:28.6573507Z","@mt":"Ingestion enabled","SourceContext":"Seq.Engine.Cluster.NativeStorage"}
{"@t":"2025-08-31T01:08:38.7442230Z","@mt":"Authentication is disabled. To protect your system, enable authentication in Settings > Users.","@l":"Warning","SystemComponent":"Authentication","SourceContext":"Seq.Diagnostics.Status.SystemNotificationDispatcher"}
{"@t":"2025-08-31T01:08:59.4606495Z","@sp":"3a1598d814b2b550","@tr":"2f3a98f5e5b222cda978f31d4755fe01","@mt":"Alert {AlertId} triggered; query {Sql} over applied signals and filters produced results","AlertId":"alert-33","Sql":"select count(*) as count from stream group by time(6m) having count > 0 limit 100","SourceContext":"Seq.Server.Features.Alerting.AlertProcessor"}
{"@t":"2025-08-31T01:08:59.4956723Z","@sp":"3a1598d814b2b550","@tr":"2f3a98f5e5b222cda978f31d4755fe01","@mt":"Check alert {AlertId}","AlertId":"alert-33","@st":"2025-08-31T01:08:59.2247483Z","SourceContext":"Seq.Server.Features.Alerting.AlertProcessor"}
{"@t":"2025-08-31T01:09:28.7612730Z","@sp":"6b790c0a74fe15b9","@tr":"f549324cd48d0c826ce2327d7c81a4ec","@mt":"Wrote {IndexSetCount} index sets","IndexSetCount":0,"SourceContext":"Seq.Server.Features.Indexing.EventStoreIndexer"}
{"@t":"2025-08-31T01:09:28.7624862Z","@sp":"6b790c0a74fe15b9","@tr":"f549324cd48d0c826ce2327d7c81a4ec","@mt":"Indexing with {Allocated:0.000} ms allowance","@r":["600000.000"],"Allocated":600000,"@st":"2025-08-31T01:09:28.7269794Z","SourceContext":"Seq.Server.Features.Indexing.EventStoreIndexer"}
{"@t":"2025-08-31T01:10:28.7353597Z","@sp":"7e0486aab135b9c5","@tr":"e6e4b67dd443469fc3c008db4af3e012","@mt":"Wrote {IndexSetCount} index sets","IndexSetCount":0,"SourceContext":"Seq.Server.Features.Indexing.EventStoreIndexer"}
{"@t":"2025-08-31T01:10:28.7359602Z","@sp":"7e0486aab135b9c5","@tr":"e6e4b67dd443469fc3c008db4af3e012","@mt":"Indexing with {Allocated:0.000} ms allowance","@r":["600000.000"],"Allocated":600000,"@st":"2025-08-31T01:10:28.7239488Z","SourceContext":"Seq.Server.Features.Indexing.EventStoreIndexer"}
{"@t":"2025-08-31T01:11:28.7372789Z","@sp":"304641875b074165","@tr":"e6b3fa619071c9a54ebb5850c1493bf0","@mt":"Wrote {IndexSetCount} index sets","IndexSetCount":0,"SourceContext":"Seq.Server.Features.Indexing.EventStoreIndexer"}
{"@t":"2025-08-31T01:11:28.7388491Z","@sp":"304641875b074165","@tr":"e6b3fa619071c9a54ebb5850c1493bf0","@mt":"Indexing with {Allocated:0.000} ms allowance","@r":["600000.000"],"Allocated":600000,"@st":"2025-08-31T01:11:28.7266897Z","SourceContext":"Seq.Server.Features.Indexing.EventStoreIndexer"}
{"@t":"2025-08-31T01:12:28.7388898Z","@sp":"7820ab96a3817189","@tr":"5b4d83016b59524fd354fe517faceb7d","@mt":"Wrote {IndexSetCount} index sets","IndexSetCount":0,"SourceContext":"Seq.Server.Features.Indexing.EventStoreIndexer"}
{"@t":"2025-08-31T01:12:28.7404685Z","@sp":"7820ab96a3817189","@tr":"5b4d83016b59524fd354fe517faceb7d","@mt":"Indexing with {Allocated:0.000} ms allowance","@r":["600000.000"],"Allocated":600000,"@st":"2025-08-31T01:12:28.7301884Z","SourceContext":"Seq.Server.Features.Indexing.EventStoreIndexer"}
{"@t":"2025-08-31T01:13:28.7297077Z","@sp":"cb358de720d4617e","@tr":"73106aa8a868bfc48001f4fb0e7da383","@mt":"Wrote {IndexSetCount} index sets","IndexSetCount":0,"SourceContext":"Seq.Server.Features.Indexing.EventStoreIndexer"}
{"@t":"2025-08-31T01:13:28.7310140Z","@sp":"cb358de720d4617e","@tr":"73106aa8a868bfc48001f4fb0e7da383","@mt":"Indexing with {Allocated:0.000} ms allowance","@r":["600000.000"],"Allocated":600000,"@st":"2025-08-31T01:13:28.7224266Z","SourceContext":"Seq.Server.Features.Indexing.EventStoreIndexer"}
{"@t":"2025-08-31T01:14:28.7319308Z","@sp":"5e37afd4e9b2b2f7","@tr":"513a8851c60f4a9981d8a68c20c86763","@mt":"Wrote {IndexSetCount} index sets","IndexSetCount":0,"SourceContext":"Seq.Server.Features.Indexing.EventStoreIndexer"}
{"@t":"2025-08-31T01:14:28.7325553Z","@sp":"5e37afd4e9b2b2f7","@tr":"513a8851c60f4a9981d8a68c20c86763","@mt":"Indexing with {Allocated:0.000} ms allowance","@r":["600000.000"],"Allocated":600000,"@st":"2025-08-31T01:14:28.7213984Z","SourceContext":"Seq.Server.Features.Indexing.EventStoreIndexer"}
{"@t":"2025-08-31T01:15:07.1189463Z","@mt":"Termination signal received"}
{"@t":"2025-08-31T01:15:07.1251590Z","@mt":"Stopping {Tasks} scheduled leader tasks","Tasks":18,"SourceContext":"Seq.Server.Tasks.TaskRunner"}
{"@t":"2025-08-31T01:15:07.1305593Z","@mt":"Stopping input channel","SourceContext":"Seq.Server.Features.Apps.Inputs.InputChannel"}
{"@t":"2025-08-31T01:15:08.1253386Z","@mt":"Shutting down input channel; {AcceptedCount} queued events will be written","AcceptedCount":0,"SourceContext":"Seq.Server.Features.Apps.Inputs.InputChannel"}
{"@t":"2025-08-31T01:15:08.1313878Z","@mt":"Stopping broadcast channel","SourceContext":"Seq.Engine.Broadcast.BroadcastChannel"}
{"@t":"2025-08-31T01:15:09.1260611Z","@mt":"Shutting down broadcast channel with {AllowableFlush} flushable event batches (+{Tolerance} tolerance)","AllowableFlush":0,"Tolerance":15,"SourceContext":"Seq.Engine.Broadcast.BroadcastChannel"}
{"@t":"2025-08-31T01:15:09.1283381Z","@mt":"Stopping alert processor","SourceContext":"Seq.Server.Features.Alerting.AlertProcessor"}
{"@t":"2025-08-31T01:15:09.8966645Z","@mt":"Server stopped cleanly"}
